#
# A fatal error has been detected by the Java Runtime Environment:
#
#  SIGSEGV (0xb) at pc=0x00007fdaf7f8c800, pid=13196, tid=140577820567296
#
# JRE version: Java(TM) SE Runtime Environment (8.0_66-b17) (build 1.8.0_66-b17)
# Java VM: Java HotSpot(TM) 64-Bit Server VM (25.66-b17 mixed mode linux-amd64 compressed oops)
# Problematic frame:
# V  [libjvm.so+0x8a5800]  Method::checked_resolve_jmethod_id(_jmethodID*)+0x20
#
# Failed to write core dump. Core dumps have been disabled. To enable core dumping, try "ulimit -c unlimited" before starting Java again
#
# If you would like to submit a bug report, please visit:
#   http://bugreport.java.com/bugreport/crash.jsp
#

---------------  T H R E A D  ---------------

Current thread (0x00007fdaf00c5000):  JavaThread "JDWP Transport Listener: dt_socket" daemon [_thread_in_vm, id=13212, stack(0x00007fdad2fee000,0x00007fdad30ef000)]

siginfo: si_signo: 11 (SIGSEGV), si_code: 128 (SI_KERNEL), si_addr: 0x0000000000000000

Registers:
RAX=0x0000000000000001, RBX=0x00007fdaf00037a0, RCX=0x00007fdaf90b9320, RDX=0x00007fdaf8696560
RSP=0x00007fdad30ed810, RBP=0x00007fdad30ed820, RSI=0x00007fdaf00c5000, RDI=0x6d656c4564657400
R8 =0x0000000000000000, R9 =0x00007fdab4013b50, R10=0x0000000000000030, R11=0x00007fdaf8848a30
R12=0x0000000000000017, R13=0x6d656c4564657400, R14=0x00007fdaf00c5000, R15=0x00007fdad30ed927
RIP=0x00007fdaf7f8c800, EFLAGS=0x0000000000010206, CSGSFS=0x0000000000000033, ERR=0x0000000000000000
  TRAPNO=0x000000000000000d

Top of Stack: (sp=0x00007fdad30ed810)
0x00007fdad30ed810:   0000000000000074 00007fdaf00037a0
0x00007fdad30ed820:   00007fdad30ed890 00007fdaf7e1d2de
0x00007fdad30ed830:   0000000000000073 00007fdad30ed840
0x00007fdad30ed840:   00007fdaf00c5000 0000000000000000
0x00007fdad30ed850:   00007fda00000000 0000000000000000
0x00007fdad30ed860:   00007fdad30ed880 00007fdaf6d9de40
0x00007fdad30ed870:   6d656c4564657400 00007fdad30ed927
0x00007fdad30ed880:   0000000000000003 00007fdad30ed927
0x00007fdad30ed890:   00007fdad30ed8c0 00007fdaf6b898c2
0x00007fdad30ed8a0:   00007fdad30ed8c0 6d656c4564657400
0x00007fdad30ed8b0:   00007fdad30ed990 0000000000000018
0x00007fdad30ed8c0:   00007fdad30ed950 00007fdaf6b6aaa0
0x00007fdad30ed8d0:   00007fdad30ed908 00007fdad30ed900
0x00007fdad30ed8e0:   00007fdad30ed8f8 00007fdad30ed91c
0x00007fdad30ed8f0:   00000001b400daf0 0000000000000000
0x00007fdad30ed900:   0000000000000000 0000000000000000
0x00007fdad30ed910:   00007fdab400e230 0000000ad30ed990
0x00007fdad30ed920:   0000000000000004 0000000000000002
0x00007fdad30ed930:   000000000000000f 0000000000000002
0x00007fdad30ed940:   00000000000f0200 000000000000000f
0x00007fdad30ed950:   00007fdad30edba0 00007fdaf6b759c6
0x00007fdad30ed960:   0000f5c800000013 00007fdaf70f0200
0x00007fdad30ed970:   00007fdaac000fb0 0000000000000000
0x00007fdad30ed980:   00007fdad30ed990 00007fdad30edb20
0x00007fdad30ed990:   00007fdad30edab2 00007fda0000005a
0x00007fdad30ed9a0:   00007fdad30ed9a8 00000000000000d2
0x00007fdad30ed9b0:   00007fdad30ed9e0 0000000000000000
0x00007fdad30ed9c0:   00007f0000000000 0000f5c80000001c
0x00007fdad30ed9d0:   00007fda0000db80 00007fdad30ed9e0
0x00007fdad30ed9e0:   da7f000004000000 04000000803a00b4
0x00007fdad30ed9f0:   160000006e69616d 2f6176616a4c5b28
0x00007fdad30eda00:   7274532f676e616c 000056293b676e69 

Instructions: (pc=0x00007fdaf7f8c800)
0x00007fdaf7f8c7e0:   55 48 89 e5 53 48 83 ec 08 48 85 ff 75 12 31 db
0x00007fdaf7f8c7f0:   48 89 d8 48 83 c4 08 5b c9 c3 66 0f 1f 44 00 00
0x00007fdaf7f8c800:   48 8b 1f 48 85 db 74 e6 48 83 fb 37 74 e0 48 8b
0x00007fdaf7f8c810:   03 48 89 df ff 50 10 84 c0 0f 1f 80 00 00 00 00 

Register to memory mapping:

RAX=0x0000000000000001 is an unknown value
RBX=0x00007fdaf00037a0 is an unknown value
RCX=0x00007fdaf90b9320: <offset 0x219320> in /lib/x86_64-linux-gnu/libpthread.so.0 at 0x00007fdaf8ea0000
RDX=0x00007fdaf8696560: <offset 0xfaf560> in /usr/lib/jvm/java-8-oracle/jre/lib/amd64/server/libjvm.so at 0x00007fdaf76e7000
RSP=0x00007fdad30ed810 is pointing into the stack for thread: 0x00007fdaf00c5000
RBP=0x00007fdad30ed820 is pointing into the stack for thread: 0x00007fdaf00c5000
RSI=0x00007fdaf00c5000 is a thread
RDI=0x6d656c4564657400 is an unknown value
R8 =0x0000000000000000 is an unknown value
R9 =0x00007fdab4013b50 is an unknown value
R10=0x0000000000000030 is an unknown value
R11=0x00007fdaf8848a30: <offset 0x187a30> in /lib/x86_64-linux-gnu/libc.so.6 at 0x00007fdaf86c1000
R12=0x0000000000000017 is an unknown value
R13=0x6d656c4564657400 is an unknown value
R14=0x00007fdaf00c5000 is a thread
R15=0x00007fdad30ed927 is pointing into the stack for thread: 0x00007fdaf00c5000


Stack: [0x00007fdad2fee000,0x00007fdad30ef000],  sp=0x00007fdad30ed810,  free space=1022k
Native frames: (J=compiled Java code, j=interpreted, Vv=VM code, C=native code)
V  [libjvm.so+0x8a5800]  Method::checked_resolve_jmethod_id(_jmethodID*)+0x20
V  [libjvm.so+0x7362de]  jvmti_IsMethodSynthetic+0x2be
C  [libjdwp.so+0x258c2]  isMethodSynthetic+0x42
C  [libjdwp.so+0x6aa0]  methods1+0x1b0
C  [libjdwp.so+0x119c6]  debugLoop_run+0x2b6
C  [libjdwp.so+0x247ff]  attachThread+0x2f
V  [libjvm.so+0x7a2a62]  JvmtiAgentThread::call_start_function()+0xc2
V  [libjvm.so+0xa68fff]  JavaThread::thread_main_inner()+0xdf
V  [libjvm.so+0xa6912c]  JavaThread::run()+0x11c
V  [libjvm.so+0x91cc68]  java_start(Thread*)+0x108
C  [libpthread.so.0+0x8182]  start_thread+0xc2


---------------  P R O C E S S  ---------------

Java Threads: ( => current thread )
  0x00007fdaf00dd000 JavaThread "Service Thread" daemon [_thread_blocked, id=13222, stack(0x00007fdad29e8000,0x00007fdad2ae9000)]
  0x00007fdaf00cf800 JavaThread "C1 CompilerThread2" daemon [_thread_blocked, id=13221, stack(0x00007fdad2ae9000,0x00007fdad2bea000)]
  0x00007fdaf00cd800 JavaThread "C2 CompilerThread1" daemon [_thread_blocked, id=13220, stack(0x00007fdad2bea000,0x00007fdad2ceb000)]
  0x00007fdaf00ca800 JavaThread "C2 CompilerThread0" daemon [_thread_blocked, id=13219, stack(0x00007fdad2ceb000,0x00007fdad2dec000)]
  0x00007fdab4001000 JavaThread "JDWP Command Reader" daemon [_thread_in_native, id=13216, stack(0x00007fdad2dec000,0x00007fdad2eed000)]
  0x00007fdaf00c8800 JavaThread "JDWP Event Helper Thread" daemon [_thread_blocked, id=13215, stack(0x00007fdad2eed000,0x00007fdad2fee000)]
=>0x00007fdaf00c5000 JavaThread "JDWP Transport Listener: dt_socket" daemon [_thread_in_vm, id=13212, stack(0x00007fdad2fee000,0x00007fdad30ef000)]
  0x00007fdaf00b8800 JavaThread "Signal Dispatcher" daemon [_thread_blocked, id=13210, stack(0x00007fdad32f3000,0x00007fdad33f4000)]
  0x00007fdaf0081000 JavaThread "Finalizer" daemon [_thread_blocked, id=13209, stack(0x00007fdad33f4000,0x00007fdad34f5000)]
  0x00007fdaf007f000 JavaThread "Reference Handler" daemon [_thread_blocked, id=13208, stack(0x00007fdad34f5000,0x00007fdad35f6000)]
  0x00007fdaf000c000 JavaThread "main" [_thread_blocked, id=13197, stack(0x00007fdaf91be000,0x00007fdaf92bf000)]

Other Threads:
  0x00007fdaf007a000 VMThread [stack: 0x00007fdad35f6000,0x00007fdad36f7000] [id=13207]
  0x00007fdaf00e0000 WatcherThread [stack: 0x00007fdad28e7000,0x00007fdad29e8000] [id=13223]

VM state:not at safepoint (normal execution)

VM Mutex/Monitor currently owned by a thread: None

Heap:
 PSYoungGen      total 53248K, used 2764K [0x0000000785000000, 0x0000000788b00000, 0x00000007c0000000)
  eden space 46080K, 6% used [0x0000000785000000,0x00000007852b3360,0x0000000787d00000)
  from space 7168K, 0% used [0x0000000788400000,0x0000000788400000,0x0000000788b00000)
  to   space 7168K, 0% used [0x0000000787d00000,0x0000000787d00000,0x0000000788400000)
 ParOldGen       total 121856K, used 0K [0x000000070f000000, 0x0000000716700000, 0x0000000785000000)
  object space 121856K, 0% used [0x000000070f000000,0x000000070f000000,0x0000000716700000)
 Metaspace       used 2524K, capacity 4494K, committed 4864K, reserved 1056768K
  class space    used 269K, capacity 386K, committed 512K, reserved 1048576K

Card table byte_map: [0x00007fdaf4edf000,0x00007fdaf5468000] byte_map_base: 0x00007fdaf1667000

Marking Bits: (ParMarkBitMap*) 0x00007fdaf8696020
 Begin Bits: [0x00007fdac6780000, 0x00007fdac93c0000)
 End Bits:   [0x00007fdac93c0000, 0x00007fdacc000000)

Polling page: 0x00007fdaf92dd000

CodeCache: size=245760Kb used=1073Kb max_used=1073Kb free=244686Kb
 bounds [0x00007fdae1000000, 0x00007fdae1270000, 0x00007fdaf0000000]
 total_blobs=230 nmethods=10 adapters=143
 compilation: enabled

Compilation events (10 events):
Event: 0.141 Thread 0x00007fdaf00cf800    3       3       java.lang.String::length (6 bytes)
Event: 0.141 Thread 0x00007fdaf00cf800 nmethod 3 0x00007fdae1108850 code [0x00007fdae11089c0, 0x00007fdae1108b30]
Event: 0.143 Thread 0x00007fdaf00cf800    6       3       java.lang.String::indexOf (70 bytes)
Event: 0.143 Thread 0x00007fdaf00cf800 nmethod 6 0x00007fdae1109790 code [0x00007fdae1109920, 0x00007fdae1109ce8]
Event: 0.143 Thread 0x00007fdaf00cf800    7       3       java.lang.Math::min (11 bytes)
Event: 0.144 Thread 0x00007fdaf00cf800 nmethod 7 0x00007fdae1109e50 code [0x00007fdae1109fc0, 0x00007fdae110a150]
Event: 0.144 Thread 0x00007fdaf00cf800    9       3       java.util.Arrays::copyOfRange (63 bytes)
Event: 0.144 Thread 0x00007fdaf00cf800 nmethod 9 0x00007fdae110a1d0 code [0x00007fdae110a400, 0x00007fdae110af58]
Event: 0.148 Thread 0x00007fdaf00cf800   10       3       java.lang.String::getChars (62 bytes)
Event: 0.149 Thread 0x00007fdaf00cf800 nmethod 10 0x00007fdae110bd10 code [0x00007fdae110bee0, 0x00007fdae110c378]

GC Heap History (0 events):
No events

Deoptimization events (0 events):
No events

Internal exceptions (2 events):
Event: 0.050 Thread 0x00007fdaf000c000 Exception <a 'java/lang/NoSuchMethodError': Method sun.misc.Unsafe.defineClass(Ljava/lang/String;[BII)Ljava/lang/Class; name or signature does not match> (0x0000000785012b98) thrown at [/HUDSON/workspace/8-2-build-linux-amd64/jdk8u66/4988/hotspot/src/shar
Event: 0.050 Thread 0x00007fdaf000c000 Exception <a 'java/lang/NoSuchMethodError': Method sun.misc.Unsafe.prefetchRead(Ljava/lang/Object;J)V name or signature does not match> (0x0000000785012e80) thrown at [/HUDSON/workspace/8-2-build-linux-amd64/jdk8u66/4988/hotspot/src/share/vm/prims/jni.cpp

Events (10 events):
Event: 647.377 Executing VM operation: GetCurrentLocation
Event: 647.377 Executing VM operation: GetCurrentLocation done
Event: 647.377 Executing VM operation: EnterInterpOnlyMode
Event: 647.377 Executing VM operation: EnterInterpOnlyMode done
Event: 647.377 Executing VM operation: ChangeSingleStep
Event: 647.377 Executing VM operation: ChangeSingleStep done
Event: 647.378 Executing VM operation: ChangeSingleStep
Event: 647.378 Executing VM operation: ChangeSingleStep done
Event: 647.379 Executing VM operation: RedefineClasses
Event: 647.380 Executing VM operation: RedefineClasses done


Dynamic libraries:
00400000-00401000 r-xp 00000000 08:01 674382                             /usr/lib/jvm/java-8-oracle/bin/java
00600000-00601000 rw-p 00000000 08:01 674382                             /usr/lib/jvm/java-8-oracle/bin/java
01ca4000-01cc5000 rw-p 00000000 00:00 0                                  [heap]
70f000000-716700000 rw-p 00000000 00:00 0 
716700000-785000000 ---p 00000000 00:00 0 
785000000-788b00000 rw-p 00000000 00:00 0 
788b00000-7c0000000 ---p 00000000 00:00 0 
7c0000000-7c0080000 rw-p 00000000 00:00 0 
7c0080000-800000000 ---p 00000000 00:00 0 
7fda90000000-7fda90021000 rw-p 00000000 00:00 0 
7fda90021000-7fda94000000 ---p 00000000 00:00 0 
7fda98000000-7fda98021000 rw-p 00000000 00:00 0 
7fda98021000-7fda9c000000 ---p 00000000 00:00 0 
7fda9c000000-7fda9c021000 rw-p 00000000 00:00 0 
7fda9c021000-7fdaa0000000 ---p 00000000 00:00 0 
7fdaa0000000-7fdaa0021000 rw-p 00000000 00:00 0 
7fdaa0021000-7fdaa4000000 ---p 00000000 00:00 0 
7fdaa4000000-7fdaa4045000 rw-p 00000000 00:00 0 
7fdaa4045000-7fdaa8000000 ---p 00000000 00:00 0 
7fdaa8000000-7fdaa8021000 rw-p 00000000 00:00 0 
7fdaa8021000-7fdaac000000 ---p 00000000 00:00 0 
7fdaac000000-7fdaac021000 rw-p 00000000 00:00 0 
7fdaac021000-7fdab0000000 ---p 00000000 00:00 0 
7fdab0000000-7fdab0021000 rw-p 00000000 00:00 0 
7fdab0021000-7fdab4000000 ---p 00000000 00:00 0 
7fdab4000000-7fdab402f000 rw-p 00000000 00:00 0 
7fdab402f000-7fdab8000000 ---p 00000000 00:00 0 
7fdab8000000-7fdab8021000 rw-p 00000000 00:00 0 
7fdab8021000-7fdabc000000 ---p 00000000 00:00 0 
7fdabc000000-7fdabc021000 rw-p 00000000 00:00 0 
7fdabc021000-7fdac0000000 ---p 00000000 00:00 0 
7fdac0000000-7fdac0021000 rw-p 00000000 00:00 0 
7fdac0021000-7fdac4000000 ---p 00000000 00:00 0 
7fdac6780000-7fdacc000000 rw-p 00000000 00:00 0 
7fdacc000000-7fdacc021000 rw-p 00000000 00:00 0 
7fdacc021000-7fdad0000000 ---p 00000000 00:00 0 
7fdad2662000-7fdad28e7000 rw-p 00000000 00:00 0 
7fdad28e7000-7fdad28e8000 ---p 00000000 00:00 0 
7fdad28e8000-7fdad29e8000 rw-p 00000000 00:00 0                          [stack:13223]
7fdad29e8000-7fdad29eb000 ---p 00000000 00:00 0 
7fdad29eb000-7fdad2ae9000 rw-p 00000000 00:00 0                          [stack:13222]
7fdad2ae9000-7fdad2aec000 ---p 00000000 00:00 0 
7fdad2aec000-7fdad2bea000 rw-p 00000000 00:00 0                          [stack:13221]
7fdad2bea000-7fdad2bed000 ---p 00000000 00:00 0 
7fdad2bed000-7fdad2ceb000 rw-p 00000000 00:00 0                          [stack:13220]
7fdad2ceb000-7fdad2cee000 ---p 00000000 00:00 0 
7fdad2cee000-7fdad2dec000 rw-p 00000000 00:00 0                          [stack:13219]
7fdad2dec000-7fdad2def000 ---p 00000000 00:00 0 
7fdad2def000-7fdad2eed000 rw-p 00000000 00:00 0                          [stack:13216]
7fdad2eed000-7fdad2ef0000 ---p 00000000 00:00 0 
7fdad2ef0000-7fdad2fee000 rw-p 00000000 00:00 0                          [stack:13215]
7fdad2fee000-7fdad2ff1000 ---p 00000000 00:00 0 
7fdad2ff1000-7fdad30ef000 rw-p 00000000 00:00 0                          [stack:13212]
7fdad30ef000-7fdad30f3000 r-xp 00000000 08:01 674197                     /usr/lib/jvm/java-8-oracle/jre/lib/amd64/libdt_socket.so
7fdad30f3000-7fdad32f2000 ---p 00004000 08:01 674197                     /usr/lib/jvm/java-8-oracle/jre/lib/amd64/libdt_socket.so
7fdad32f2000-7fdad32f3000 rw-p 00003000 08:01 674197                     /usr/lib/jvm/java-8-oracle/jre/lib/amd64/libdt_socket.so
7fdad32f3000-7fdad32f6000 ---p 00000000 00:00 0 
7fdad32f6000-7fdad33f4000 rw-p 00000000 00:00 0                          [stack:13210]
7fdad33f4000-7fdad33f7000 ---p 00000000 00:00 0 
7fdad33f7000-7fdad34f5000 rw-p 00000000 00:00 0                          [stack:13209]
7fdad34f5000-7fdad34f8000 ---p 00000000 00:00 0 
7fdad34f8000-7fdad35f6000 rw-p 00000000 00:00 0                          [stack:13208]
7fdad35f6000-7fdad35f7000 ---p 00000000 00:00 0 
7fdad35f7000-7fdad4000000 rw-p 00000000 00:00 0                          [stack:13207]
7fdad4000000-7fdad4021000 rw-p 00000000 00:00 0 
7fdad4021000-7fdad8000000 ---p 00000000 00:00 0 
7fdad8000000-7fdad8021000 rw-p 00000000 00:00 0 
7fdad8021000-7fdadc000000 ---p 00000000 00:00 0 
7fdadc000000-7fdadc021000 rw-p 00000000 00:00 0 
7fdadc021000-7fdae0000000 ---p 00000000 00:00 0 
7fdae0021000-7fdae0627000 rw-p 00000000 00:00 0 
7fdae0627000-7fdae0800000 r--s 03d20000 08:01 674305                     /usr/lib/jvm/java-8-oracle/jre/lib/rt.jar
7fdae0800000-7fdae0c40000 rw-p 00000000 00:00 0 
7fdae0c40000-7fdae1000000 ---p 00000000 00:00 0 
7fdae1000000-7fdae1270000 rwxp 00000000 00:00 0 
7fdae1270000-7fdaf0000000 ---p 00000000 00:00 0 
7fdaf0000000-7fdaf0102000 rw-p 00000000 00:00 0 
7fdaf0102000-7fdaf4000000 ---p 00000000 00:00 0 
7fdaf405a000-7fdaf472b000 rw-p 00000000 00:00 0 
7fdaf472b000-7fdaf472c000 ---p 00000000 00:00 0 
7fdaf472c000-7fdaf482c000 rw-p 00000000 00:00 0                          [stack:13205]
7fdaf482c000-7fdaf482d000 ---p 00000000 00:00 0 
7fdaf482d000-7fdaf492d000 rw-p 00000000 00:00 0                          [stack:13204]
7fdaf492d000-7fdaf492e000 ---p 00000000 00:00 0 
7fdaf492e000-7fdaf4a2e000 rw-p 00000000 00:00 0                          [stack:13203]
7fdaf4a2e000-7fdaf4a2f000 ---p 00000000 00:00 0 
7fdaf4a2f000-7fdaf4b6b000 rw-p 00000000 00:00 0                          [stack:13202]
7fdaf4b6b000-7fdaf4edf000 ---p 00000000 00:00 0 
7fdaf4edf000-7fdaf4f1b000 rw-p 00000000 00:00 0 
7fdaf4f1b000-7fdaf528f000 ---p 00000000 00:00 0 
7fdaf528f000-7fdaf52ad000 rw-p 00000000 00:00 0 
7fdaf52ad000-7fdaf5467000 ---p 00000000 00:00 0 
7fdaf5467000-7fdaf5472000 rw-p 00000000 00:00 0 
7fdaf5472000-7fdaf5828000 ---p 00000000 00:00 0 
7fdaf5828000-7fdaf5842000 r-xp 00000000 08:01 674186                     /usr/lib/jvm/java-8-oracle/jre/lib/amd64/libzip.so
7fdaf5842000-7fdaf5a42000 ---p 0001a000 08:01 674186                     /usr/lib/jvm/java-8-oracle/jre/lib/amd64/libzip.so
7fdaf5a42000-7fdaf5a43000 rw-p 0001a000 08:01 674186                     /usr/lib/jvm/java-8-oracle/jre/lib/amd64/libzip.so
7fdaf5a43000-7fdaf5a4e000 r-xp 00000000 08:01 526587                     /lib/x86_64-linux-gnu/libnss_files-2.19.so
7fdaf5a4e000-7fdaf5c4d000 ---p 0000b000 08:01 526587                     /lib/x86_64-linux-gnu/libnss_files-2.19.so
7fdaf5c4d000-7fdaf5c4e000 r--p 0000a000 08:01 526587                     /lib/x86_64-linux-gnu/libnss_files-2.19.so
7fdaf5c4e000-7fdaf5c4f000 rw-p 0000b000 08:01 526587                     /lib/x86_64-linux-gnu/libnss_files-2.19.so
7fdaf5c4f000-7fdaf5c5a000 r-xp 00000000 08:01 526579                     /lib/x86_64-linux-gnu/libnss_nis-2.19.so
7fdaf5c5a000-7fdaf5e59000 ---p 0000b000 08:01 526579                     /lib/x86_64-linux-gnu/libnss_nis-2.19.so
7fdaf5e59000-7fdaf5e5a000 r--p 0000a000 08:01 526579                     /lib/x86_64-linux-gnu/libnss_nis-2.19.so
7fdaf5e5a000-7fdaf5e5b000 rw-p 0000b000 08:01 526579                     /lib/x86_64-linux-gnu/libnss_nis-2.19.so
7fdaf5e5b000-7fdaf5e72000 r-xp 00000000 08:01 526575                     /lib/x86_64-linux-gnu/libnsl-2.19.so
7fdaf5e72000-7fdaf6071000 ---p 00017000 08:01 526575                     /lib/x86_64-linux-gnu/libnsl-2.19.so
7fdaf6071000-7fdaf6072000 r--p 00016000 08:01 526575                     /lib/x86_64-linux-gnu/libnsl-2.19.so
7fdaf6072000-7fdaf6073000 rw-p 00017000 08:01 526575                     /lib/x86_64-linux-gnu/libnsl-2.19.so
7fdaf6073000-7fdaf6075000 rw-p 00000000 00:00 0 
7fdaf6075000-7fdaf607e000 r-xp 00000000 08:01 526574                     /lib/x86_64-linux-gnu/libnss_compat-2.19.so
7fdaf607e000-7fdaf627d000 ---p 00009000 08:01 526574                     /lib/x86_64-linux-gnu/libnss_compat-2.19.so
7fdaf627d000-7fdaf627e000 r--p 00008000 08:01 526574                     /lib/x86_64-linux-gnu/libnss_compat-2.19.so
7fdaf627e000-7fdaf627f000 rw-p 00009000 08:01 526574                     /lib/x86_64-linux-gnu/libnss_compat-2.19.so
7fdaf627f000-7fdaf6961000 r--p 00000000 08:01 270288                     /usr/lib/locale/locale-archive
7fdaf6961000-7fdaf6963000 r-xp 00000000 08:01 674187                     /usr/lib/jvm/java-8-oracle/jre/lib/amd64/libnpt.so
7fdaf6963000-7fdaf6b63000 ---p 00002000 08:01 674187                     /usr/lib/jvm/java-8-oracle/jre/lib/amd64/libnpt.so
7fdaf6b63000-7fdaf6b64000 rw-p 00002000 08:01 674187                     /usr/lib/jvm/java-8-oracle/jre/lib/amd64/libnpt.so
7fdaf6b64000-7fdaf6b9d000 r-xp 00000000 08:01 674175                     /usr/lib/jvm/java-8-oracle/jre/lib/amd64/libjdwp.so
7fdaf6b9d000-7fdaf6d9c000 ---p 00039000 08:01 674175                     /usr/lib/jvm/java-8-oracle/jre/lib/amd64/libjdwp.so
7fdaf6d9c000-7fdaf6d9e000 rw-p 00038000 08:01 674175                     /usr/lib/jvm/java-8-oracle/jre/lib/amd64/libjdwp.so
7fdaf6d9e000-7fdaf6dc8000 r-xp 00000000 08:01 674172                     /usr/lib/jvm/java-8-oracle/jre/lib/amd64/libjava.so
7fdaf6dc8000-7fdaf6fc8000 ---p 0002a000 08:01 674172                     /usr/lib/jvm/java-8-oracle/jre/lib/amd64/libjava.so
7fdaf6fc8000-7fdaf6fca000 rw-p 0002a000 08:01 674172                     /usr/lib/jvm/java-8-oracle/jre/lib/amd64/libjava.so
7fdaf6fca000-7fdaf6fd7000 r-xp 00000000 08:01 674158                     /usr/lib/jvm/java-8-oracle/jre/lib/amd64/libverify.so
7fdaf6fd7000-7fdaf71d7000 ---p 0000d000 08:01 674158                     /usr/lib/jvm/java-8-oracle/jre/lib/amd64/libverify.so
7fdaf71d7000-7fdaf71d9000 rw-p 0000d000 08:01 674158                     /usr/lib/jvm/java-8-oracle/jre/lib/amd64/libverify.so
7fdaf71d9000-7fdaf71e0000 r-xp 00000000 08:01 526583                     /lib/x86_64-linux-gnu/librt-2.19.so
7fdaf71e0000-7fdaf73df000 ---p 00007000 08:01 526583                     /lib/x86_64-linux-gnu/librt-2.19.so
7fdaf73df000-7fdaf73e0000 r--p 00006000 08:01 526583                     /lib/x86_64-linux-gnu/librt-2.19.so
7fdaf73e0000-7fdaf73e1000 rw-p 00007000 08:01 526583                     /lib/x86_64-linux-gnu/librt-2.19.so
7fdaf73e1000-7fdaf74e6000 r-xp 00000000 08:01 526569                     /lib/x86_64-linux-gnu/libm-2.19.so
7fdaf74e6000-7fdaf76e5000 ---p 00105000 08:01 526569                     /lib/x86_64-linux-gnu/libm-2.19.so
7fdaf76e5000-7fdaf76e6000 r--p 00104000 08:01 526569                     /lib/x86_64-linux-gnu/libm-2.19.so
7fdaf76e6000-7fdaf76e7000 rw-p 00105000 08:01 526569                     /lib/x86_64-linux-gnu/libm-2.19.so
7fdaf76e7000-7fdaf83a5000 r-xp 00000000 08:01 674139                     /usr/lib/jvm/java-8-oracle/jre/lib/amd64/server/libjvm.so
7fdaf83a5000-7fdaf85a4000 ---p 00cbe000 08:01 674139                     /usr/lib/jvm/java-8-oracle/jre/lib/amd64/server/libjvm.so
7fdaf85a4000-7fdaf867d000 rw-p 00cbd000 08:01 674139                     /usr/lib/jvm/java-8-oracle/jre/lib/amd64/server/libjvm.so
7fdaf867d000-7fdaf86c1000 rw-p 00000000 00:00 0 
7fdaf86c1000-7fdaf887c000 r-xp 00000000 08:01 526584                     /lib/x86_64-linux-gnu/libc-2.19.so
7fdaf887c000-7fdaf8a7b000 ---p 001bb000 08:01 526584                     /lib/x86_64-linux-gnu/libc-2.19.so
7fdaf8a7b000-7fdaf8a7f000 r--p 001ba000 08:01 526584                     /lib/x86_64-linux-gnu/libc-2.19.so
7fdaf8a7f000-7fdaf8a81000 rw-p 001be000 08:01 526584                     /lib/x86_64-linux-gnu/libc-2.19.so
7fdaf8a81000-7fdaf8a86000 rw-p 00000000 00:00 0 
7fdaf8a86000-7fdaf8a89000 r-xp 00000000 08:01 526571                     /lib/x86_64-linux-gnu/libdl-2.19.so
7fdaf8a89000-7fdaf8c88000 ---p 00003000 08:01 526571                     /lib/x86_64-linux-gnu/libdl-2.19.so
7fdaf8c88000-7fdaf8c89000 r--p 00002000 08:01 526571                     /lib/x86_64-linux-gnu/libdl-2.19.so
7fdaf8c89000-7fdaf8c8a000 rw-p 00003000 08:01 526571                     /lib/x86_64-linux-gnu/libdl-2.19.so
7fdaf8c8a000-7fdaf8c9f000 r-xp 00000000 08:01 663046                     /usr/lib/jvm/java-8-oracle/lib/amd64/jli/libjli.so
7fdaf8c9f000-7fdaf8e9f000 ---p 00015000 08:01 663046                     /usr/lib/jvm/java-8-oracle/lib/amd64/jli/libjli.so
7fdaf8e9f000-7fdaf8ea0000 rw-p 00015000 08:01 663046                     /usr/lib/jvm/java-8-oracle/lib/amd64/jli/libjli.so
7fdaf8ea0000-7fdaf8eb9000 r-xp 00000000 08:01 526576                     /lib/x86_64-linux-gnu/libpthread-2.19.so
7fdaf8eb9000-7fdaf90b8000 ---p 00019000 08:01 526576                     /lib/x86_64-linux-gnu/libpthread-2.19.so
7fdaf90b8000-7fdaf90b9000 r--p 00018000 08:01 526576                     /lib/x86_64-linux-gnu/libpthread-2.19.so
7fdaf90b9000-7fdaf90ba000 rw-p 00019000 08:01 526576                     /lib/x86_64-linux-gnu/libpthread-2.19.so
7fdaf90ba000-7fdaf90be000 rw-p 00000000 00:00 0 
7fdaf90be000-7fdaf90e1000 r-xp 00000000 08:01 526577                     /lib/x86_64-linux-gnu/ld-2.19.so
7fdaf90e2000-7fdaf91be000 rw-p 00000000 00:00 0 
7fdaf91be000-7fdaf91c1000 ---p 00000000 00:00 0 
7fdaf91c1000-7fdaf92c3000 rw-p 00000000 00:00 0                          [stack:13197]
7fdaf92d1000-7fdaf92d4000 rw-p 00000000 00:00 0 
7fdaf92d4000-7fdaf92dc000 rw-s 00000000 08:01 131447                     /tmp/hsperfdata_trd/13196
7fdaf92dc000-7fdaf92dd000 rw-p 00000000 00:00 0 
7fdaf92dd000-7fdaf92de000 r--p 00000000 00:00 0 
7fdaf92de000-7fdaf92e0000 rw-p 00000000 00:00 0 
7fdaf92e0000-7fdaf92e1000 r--p 00022000 08:01 526577                     /lib/x86_64-linux-gnu/ld-2.19.so
7fdaf92e1000-7fdaf92e2000 rw-p 00023000 08:01 526577                     /lib/x86_64-linux-gnu/ld-2.19.so
7fdaf92e2000-7fdaf92e3000 rw-p 00000000 00:00 0 
7fffa3025000-7fffa3046000 rw-p 00000000 00:00 0                          [stack]
7fffa30fb000-7fffa30fd000 r-xp 00000000 00:00 0                          [vdso]
ffffffffff600000-ffffffffff601000 r-xp 00000000 00:00 0                  [vsyscall]

VM Arguments:
jvm_args: -agentlib:jdwp=transport=dt_socket,suspend=y,address=localhost:54676 -Dfile.encoding=UTF-8 
java_command: trd.algorithms.DynamicProgramming.LongestChunkedPalindrome
java_class_path (initial): /home/trd/oss/Algorithms/target/classes:/home/trd/.m2/repository/org/apache/commons/commons-collections4/4.1/commons-collections4-4.1.jar:/home/trd/.m2/repository/com/google/guava/guava/19.0/guava-19.0.jar:/home/trd/.m2/repository/org/apache/commons/commons-lang3/3.5/commons-lang3-3.5.jar:/home/trd/.m2/repository/org/apache/commons/commons-math3/3.2/commons-math3-3.2.jar
Launcher Type: SUN_STANDARD

Environment Variables:
JAVA_HOME=/usr/lib/jvm/java-7-oracle
JRE_HOME=/home/trd/java_jdk/jdk1.8.0_45/jre
PATH=/usr/local/maven/bin:/home/trd/oss/apache-hive-1.1.0-bin/bin:/usr/local/hadoop/bin:/usr/local/hadoop/sbin:/usr/local/apache-maven/apache-maven-3.1.1/bin:/usr/local/sbin:/usr/local/bin:/usr/sbin:/usr/bin:/sbin:/bin:/usr/games:/usr/local/games:/home/trd/java_jdk/jdk1.8.0_45/bin:/usr/lib/jvm/java-7-oracle/bin:/usr/lib/jvm/java-7-oracle/db/bin:/usr/lib/jvm/java-7-oracle/jre/bin
USERNAME=trd
LD_LIBRARY_PATH=:/home/trd/.m2/repository/org/apache/spark/spark-catalyst_2.10/1.3.0:/usr/local/lib/R/site-library/rJava/jri
SHELL=/bin/bash
DISPLAY=:0.0

Signal Handlers:
SIGSEGV: [libjvm.so+0xaba2a0], sa_mask[0]=11111111011111111101111111111110, sa_flags=SA_RESTART|SA_SIGINFO
SIGBUS: [libjvm.so+0xaba2a0], sa_mask[0]=11111111011111111101111111111110, sa_flags=SA_RESTART|SA_SIGINFO
SIGFPE: [libjvm.so+0x917710], sa_mask[0]=11111111011111111101111111111110, sa_flags=SA_RESTART|SA_SIGINFO
SIGPIPE: [libjvm.so+0x917710], sa_mask[0]=11111111011111111101111111111110, sa_flags=SA_RESTART|SA_SIGINFO
SIGXFSZ: [libjvm.so+0x917710], sa_mask[0]=11111111011111111101111111111110, sa_flags=SA_RESTART|SA_SIGINFO
SIGILL: [libjvm.so+0x917710], sa_mask[0]=11111111011111111101111111111110, sa_flags=SA_RESTART|SA_SIGINFO
SIGUSR1: SIG_DFL, sa_mask[0]=00000000000000000000000000000000, sa_flags=none
SIGUSR2: [libjvm.so+0x918d40], sa_mask[0]=00100000000000000000000000000000, sa_flags=SA_RESTART|SA_SIGINFO
SIGHUP: [libjvm.so+0x91a140], sa_mask[0]=11111111011111111101111111111110, sa_flags=SA_RESTART|SA_SIGINFO
SIGINT: [libjvm.so+0x91a140], sa_mask[0]=11111111011111111101111111111110, sa_flags=SA_RESTART|SA_SIGINFO
SIGTERM: [libjvm.so+0x91a140], sa_mask[0]=11111111011111111101111111111110, sa_flags=SA_RESTART|SA_SIGINFO
SIGQUIT: [libjvm.so+0x91a140], sa_mask[0]=11111111011111111101111111111110, sa_flags=SA_RESTART|SA_SIGINFO


---------------  S Y S T E M  ---------------

OS:DISTRIB_ID=Ubuntu
DISTRIB_RELEASE=14.04
DISTRIB_CODENAME=trusty
DISTRIB_DESCRIPTION="Ubuntu 14.04.1 LTS"

uname:Linux 3.13.0-39-generic #66-Ubuntu SMP Tue Oct 28 13:30:27 UTC 2014 x86_64
libc:glibc 2.19 NPTL 2.19 
rlimit: STACK 8192k, CORE 0k, NPROC 90393, NOFILE 4096, AS infinity
load average:0.19 0.18 0.11

/proc/meminfo:
MemTotal:       11591956 kB
MemFree:         4822012 kB
Buffers:          881936 kB
Cached:          2732604 kB
SwapCached:            0 kB
Active:          3903152 kB
Inactive:        2274040 kB
Active(anon):    2563636 kB
Inactive(anon):    22408 kB
Active(file):    1339516 kB
Inactive(file):  2251632 kB
Unevictable:          60 kB
Mlocked:              60 kB
SwapTotal:       1045500 kB
SwapFree:        1045500 kB
Dirty:                40 kB
Writeback:             0 kB
AnonPages:       2562888 kB
Mapped:           264916 kB
Shmem:             23412 kB
Slab:             428208 kB
SReclaimable:     387176 kB
SUnreclaim:        41032 kB
KernelStack:        6176 kB
PageTables:        34840 kB
NFS_Unstable:          0 kB
Bounce:                0 kB
WritebackTmp:          0 kB
CommitLimit:     6841476 kB
Committed_AS:    6101688 kB
VmallocTotal:   34359738367 kB
VmallocUsed:      188140 kB
VmallocChunk:   34359456452 kB
HardwareCorrupted:     0 kB
AnonHugePages:   2062336 kB
HugePages_Total:       0
HugePages_Free:        0
HugePages_Rsvd:        0
HugePages_Surp:        0
Hugepagesize:       2048 kB
DirectMap4k:       77696 kB
DirectMap2M:     4448256 kB
DirectMap1G:     7340032 kB


CPU:total 4 (1 cores per cpu, 1 threads per core) family 6 model 60 stepping 3, cmov, cx8, fxsr, mmx, sse, sse2, sse3, ssse3, sse4.1, sse4.2, popcnt, avx, aes, clmul, erms, tsc, tscinvbit

/proc/cpuinfo:
processor	: 0
vendor_id	: GenuineIntel
cpu family	: 6
model		: 60
model name	: Intel(R) Core(TM) i7-4712HQ CPU @ 2.30GHz
stepping	: 3
microcode	: 0x1c
cpu MHz		: 2294.695
cache size	: 6144 KB
physical id	: 0
siblings	: 1
core id		: 0
cpu cores	: 1
apicid		: 0
initial apicid	: 0
fpu		: yes
fpu_exception	: yes
cpuid level	: 13
wp		: yes
flags		: fpu vme de pse tsc msr pae mce cx8 apic sep mtrr pge mca cmov pat pse36 clflush dts mmx fxsr sse sse2 ss syscall nx pdpe1gb rdtscp lm constant_tsc arch_perfmon pebs bts nopl xtopology tsc_reliable nonstop_tsc aperfmperf pni pclmulqdq ssse3 fma cx16 pcid sse4_1 sse4_2 x2apic movbe popcnt aes xsave avx f16c rdrand hypervisor lahf_lm ida arat epb pln pts dtherm fsgsbase smep
bogomips	: 4589.39
clflush size	: 64
cache_alignment	: 64
address sizes	: 40 bits physical, 48 bits virtual
power management:

processor	: 1
vendor_id	: GenuineIntel
cpu family	: 6
model		: 60
model name	: Intel(R) Core(TM) i7-4712HQ CPU @ 2.30GHz
stepping	: 3
microcode	: 0x1c
cpu MHz		: 2294.695
cache size	: 6144 KB
physical id	: 2
siblings	: 1
core id		: 0
cpu cores	: 1
apicid		: 2
initial apicid	: 2
fpu		: yes
fpu_exception	: yes
cpuid level	: 13
wp		: yes
flags		: fpu vme de pse tsc msr pae mce cx8 apic sep mtrr pge mca cmov pat pse36 clflush dts mmx fxsr sse sse2 ss syscall nx pdpe1gb rdtscp lm constant_tsc arch_perfmon pebs bts nopl xtopology tsc_reliable nonstop_tsc aperfmperf pni pclmulqdq ssse3 fma cx16 pcid sse4_1 sse4_2 x2apic movbe popcnt aes xsave avx f16c rdrand hypervisor lahf_lm ida arat epb pln pts dtherm fsgsbase smep
bogomips	: 4589.39
clflush size	: 64
cache_alignment	: 64
address sizes	: 40 bits physical, 48 bits virtual
power management:

processor	: 2
vendor_id	: GenuineIntel
cpu family	: 6
model		: 60
model name	: Intel(R) Core(TM) i7-4712HQ CPU @ 2.30GHz
stepping	: 3
microcode	: 0x1c
cpu MHz		: 2294.695
cache size	: 6144 KB
physical id	: 4
siblings	: 1
core id		: 0
cpu cores	: 1
apicid		: 4
initial apicid	: 4
fpu		: yes
fpu_exception	: yes
cpuid level	: 13
wp		: yes
flags		: fpu vme de pse tsc msr pae mce cx8 apic sep mtrr pge mca cmov pat pse36 clflush dts mmx fxsr sse sse2 ss syscall nx pdpe1gb rdtscp lm constant_tsc arch_perfmon pebs bts nopl xtopology tsc_reliable nonstop_tsc aperfmperf pni pclmulqdq ssse3 fma cx16 pcid sse4_1 sse4_2 x2apic movbe popcnt aes xsave avx f16c rdrand hypervisor lahf_lm ida arat epb pln pts dtherm fsgsbase smep
bogomips	: 4589.39
clflush size	: 64
cache_alignment	: 64
address sizes	: 40 bits physical, 48 bits virtual
power management:

processor	: 3
vendor_id	: GenuineIntel
cpu family	: 6
model		: 60
model name	: Intel(R) Core(TM) i7-4712HQ CPU @ 2.30GHz
stepping	: 3
microcode	: 0x1c
cpu MHz		: 2294.695
cache size	: 6144 KB
physical id	: 6
siblings	: 1
core id		: 0
cpu cores	: 1
apicid		: 6
initial apicid	: 6
fpu		: yes
fpu_exception	: yes
cpuid level	: 13
wp		: yes
flags		: fpu vme de pse tsc msr pae mce cx8 apic sep mtrr pge mca cmov pat pse36 clflush dts mmx fxsr sse sse2 ss syscall nx pdpe1gb rdtscp lm constant_tsc arch_perfmon pebs bts nopl xtopology tsc_reliable nonstop_tsc aperfmperf pni pclmulqdq ssse3 fma cx16 pcid sse4_1 sse4_2 x2apic movbe popcnt aes xsave avx f16c rdrand hypervisor lahf_lm ida arat epb pln pts dtherm fsgsbase smep
bogomips	: 4589.39
clflush size	: 64
cache_alignment	: 64
address sizes	: 40 bits physical, 48 bits virtual
power management:



Memory: 4k page, physical 11591956k(4822012k free), swap 1045500k(1045500k free)

vm_info: Java HotSpot(TM) 64-Bit Server VM (25.66-b17) for linux-amd64 JRE (1.8.0_66-b17), built on Oct  6 2015 17:28:34 by "java_re" with gcc 4.3.0 20080428 (Red Hat 4.3.0-8)

time: Sun Feb 19 14:04:47 2017
elapsed time: 647 seconds (0d 0h 10m 47s)

